==31671== Memcheck, a memory error detector
==31671== Copyright (C) 2002-2015, and GNU GPL'd, by Julian Seward et al.
==31671== Using Valgrind-3.11.0 and LibVEX; rerun with -h for copyright info
==31671== Command: /home/controlxfreak/repos/ELDP/T7Software/main_computer/src/OBC/dist/Debug/GNU-Linux/obc
==31671== Parent PID: 31670
==31671== 
--31671-- 
--31671-- Valgrind options:
--31671--    -v
--31671--    --tool=memcheck
--31671--    --leak-check=full
--31671--    --log-file=valgrind.log
--31671-- Contents of /proc/version:
--31671--   Linux version 4.4.0-75-generic (buildd@lgw01-21) (gcc version 5.4.0 20160609 (Ubuntu 5.4.0-6ubuntu1~16.04.4) ) #96-Ubuntu SMP Thu Apr 20 09:56:33 UTC 2017
--31671-- 
--31671-- Arch and hwcaps: AMD64, LittleEndian, amd64-cx16-lzcnt-rdtscp-sse3-avx-avx2-bmi
--31671-- Page sizes: currently 4096, max supported 4096
--31671-- Valgrind library directory: /usr/lib/valgrind
--31671-- Reading syms from /home/controlxfreak/repos/ELDP/T7Software/main_computer/src/OBC/dist/Debug/GNU-Linux/obc
--31671-- Reading syms from /lib/x86_64-linux-gnu/ld-2.23.so
--31671--   Considering /lib/x86_64-linux-gnu/ld-2.23.so ..
--31671--   .. CRC mismatch (computed 10768843 wanted ef0d0121)
--31671--   Considering /usr/lib/debug/lib/x86_64-linux-gnu/ld-2.23.so ..
--31671--   .. CRC is valid
--31671-- Reading syms from /usr/lib/valgrind/memcheck-amd64-linux
--31671--   Considering /usr/lib/valgrind/memcheck-amd64-linux ..
--31671--   .. CRC mismatch (computed 5529a2c7 wanted 5bd23904)
--31671--    object doesn't have a symbol table
--31671--    object doesn't have a dynamic symbol table
--31671-- Scheduler: using generic scheduler lock implementation.
--31671-- Reading suppressions file: /usr/lib/valgrind/default.supp
==31671== embedded gdbserver: reading from /tmp/vgdb-pipe-from-vgdb-to-31671-by-root-on-???
==31671== embedded gdbserver: writing to   /tmp/vgdb-pipe-to-vgdb-from-31671-by-root-on-???
==31671== embedded gdbserver: shared mem   /tmp/vgdb-pipe-shared-mem-vgdb-31671-by-root-on-???
==31671== 
==31671== TO CONTROL THIS PROCESS USING vgdb (which you probably
==31671== don't want to do, unless you know exactly what you're doing,
==31671== or are doing some strange experiment):
==31671==   /usr/lib/valgrind/../../bin/vgdb --pid=31671 ...command...
==31671== 
==31671== TO DEBUG THIS PROCESS USING GDB: start GDB like this
==31671==   /path/to/gdb /home/controlxfreak/repos/ELDP/T7Software/main_computer/src/OBC/dist/Debug/GNU-Linux/obc
==31671== and then give GDB the following command
==31671==   target remote | /usr/lib/valgrind/../../bin/vgdb --pid=31671
==31671== --pid is optional if only one valgrind process is running
==31671== 
--31671-- REDIR: 0x401cdc0 (ld-linux-x86-64.so.2:strlen) redirected to 0x3809e181 (???)
--31671-- Reading syms from /usr/lib/valgrind/vgpreload_core-amd64-linux.so
--31671--   Considering /usr/lib/valgrind/vgpreload_core-amd64-linux.so ..
--31671--   .. CRC mismatch (computed a30c8eaa wanted 7ae2fed4)
--31671--    object doesn't have a symbol table
--31671-- Reading syms from /usr/lib/valgrind/vgpreload_memcheck-amd64-linux.so
--31671--   Considering /usr/lib/valgrind/vgpreload_memcheck-amd64-linux.so ..
--31671--   .. CRC mismatch (computed 402c2ab5 wanted 745f25ae)
--31671--    object doesn't have a symbol table
==31671== WARNING: new redirection conflicts with existing -- ignoring it
--31671--     old: 0x0401cdc0 (strlen              ) R-> (0000.0) 0x3809e181 ???
--31671--     new: 0x0401cdc0 (strlen              ) R-> (2007.0) 0x04c31020 strlen
--31671-- REDIR: 0x401b710 (ld-linux-x86-64.so.2:index) redirected to 0x4c30bc0 (index)
--31671-- REDIR: 0x401b930 (ld-linux-x86-64.so.2:strcmp) redirected to 0x4c320d0 (strcmp)
--31671-- REDIR: 0x401db20 (ld-linux-x86-64.so.2:mempcpy) redirected to 0x4c35270 (mempcpy)
--31671-- Reading syms from /lib/x86_64-linux-gnu/libpthread-2.23.so
--31671--   Considering /usr/lib/debug/.build-id/84/538e3c6cfcd5d4e3c0d2b6c3373f802915a498.debug ..
--31671--   .. build-id is valid
--31671-- Reading syms from /usr/lib/x86_64-linux-gnu/libboost_filesystem.so.1.58.0
--31671--    object doesn't have a symbol table
--31671-- Reading syms from /usr/lib/x86_64-linux-gnu/libboost_system.so.1.58.0
--31671--    object doesn't have a symbol table
--31671-- Reading syms from /usr/lib/x86_64-linux-gnu/libboost_thread.so.1.58.0
--31671--    object doesn't have a symbol table
--31671-- Reading syms from /usr/local/lib/libprotobuf.so.12.0.0
--31671-- Reading syms from /usr/lib/x86_64-linux-gnu/libstdc++.so.6.0.21
--31671--   Considering /usr/lib/x86_64-linux-gnu/libstdc++.so.6.0.21 ..
--31671--   .. CRC mismatch (computed 834c912e wanted c67ab13d)
--31671--    object doesn't have a symbol table
--31671-- Reading syms from /lib/x86_64-linux-gnu/libgcc_s.so.1
--31671--   Considering /lib/x86_64-linux-gnu/libgcc_s.so.1 ..
--31671--   .. CRC mismatch (computed b9a68419 wanted 29d51b00)
--31671--    object doesn't have a symbol table
--31671-- Reading syms from /lib/x86_64-linux-gnu/libc-2.23.so
--31671--   Considering /lib/x86_64-linux-gnu/libc-2.23.so ..
--31671--   .. CRC mismatch (computed f3344b67 wanted 8e4ae80b)
--31671--   Considering /usr/lib/debug/lib/x86_64-linux-gnu/libc-2.23.so ..
--31671--   .. CRC is valid
--31671-- Reading syms from /lib/x86_64-linux-gnu/librt-2.23.so
--31671--   Considering /lib/x86_64-linux-gnu/librt-2.23.so ..
--31671--   .. CRC mismatch (computed eff39c9f wanted eba137b1)
--31671--   Considering /usr/lib/debug/lib/x86_64-linux-gnu/librt-2.23.so ..
--31671--   .. CRC is valid
--31671-- Reading syms from /lib/x86_64-linux-gnu/libz.so.1.2.8
--31671--    object doesn't have a symbol table
--31671-- Reading syms from /lib/x86_64-linux-gnu/libm-2.23.so
--31671--   Considering /lib/x86_64-linux-gnu/libm-2.23.so ..
--31671--   .. CRC mismatch (computed 3989a391 wanted dd37ef77)
--31671--   Considering /usr/lib/debug/lib/x86_64-linux-gnu/libm-2.23.so ..
--31671--   .. CRC is valid
--31671-- REDIR: 0x6106e50 (libc.so.6:strcasecmp) redirected to 0x4a286f0 (_vgnU_ifunc_wrapper)
--31671-- REDIR: 0x61026d0 (libc.so.6:strcspn) redirected to 0x4a286f0 (_vgnU_ifunc_wrapper)
--31671-- REDIR: 0x6109140 (libc.so.6:strncasecmp) redirected to 0x4a286f0 (_vgnU_ifunc_wrapper)
--31671-- REDIR: 0x6104b40 (libc.so.6:strpbrk) redirected to 0x4a286f0 (_vgnU_ifunc_wrapper)
--31671-- REDIR: 0x6104ed0 (libc.so.6:strspn) redirected to 0x4a286f0 (_vgnU_ifunc_wrapper)
--31671-- REDIR: 0x610659b (libc.so.6:memcpy@GLIBC_2.2.5) redirected to 0x4a286f0 (_vgnU_ifunc_wrapper)
--31671-- REDIR: 0x6104850 (libc.so.6:rindex) redirected to 0x4c308a0 (rindex)
--31671-- REDIR: 0x60fb580 (libc.so.6:malloc) redirected to 0x4c2db20 (malloc)
--31671-- REDIR: 0x6102b70 (libc.so.6:strlen) redirected to 0x4c30f60 (strlen)
--31671-- REDIR: 0x5b6de60 (libstdc++.so.6:operator new(unsigned long)) redirected to 0x4c2e080 (operator new(unsigned long))
--31671-- REDIR: 0x6106600 (libc.so.6:memset) redirected to 0x4a286f0 (_vgnU_ifunc_wrapper)
--31671-- REDIR: 0x61e9d80 (libc.so.6:__memset_avx2) redirected to 0x4c344c0 (memset)
--31671-- REDIR: 0x61c4dc0 (libc.so.6:__memmove_avx_unaligned) redirected to 0x4c32230 (memcpy@GLIBC_2.2.5)
--31671-- REDIR: 0x5b6bf10 (libstdc++.so.6:operator delete(void*)) redirected to 0x4c2f1e0 (operator delete(void*))
--31671-- REDIR: 0x610b840 (libc.so.6:memcpy@@GLIBC_2.14) redirected to 0x4a286f0 (_vgnU_ifunc_wrapper)
--31671-- REDIR: 0x61c52b0 (libc.so.6:__memcpy_avx_unaligned) redirected to 0x4c324a0 (memcpy@@GLIBC_2.14)
--31671-- REDIR: 0x6106000 (libc.so.6:bcmp) redirected to 0x4a286f0 (_vgnU_ifunc_wrapper)
--31671-- REDIR: 0x61e5840 (libc.so.6:__memcmp_sse4_1) redirected to 0x4c33cd0 (__memcmp_sse4_1)
--31671-- REDIR: 0x6106040 (libc.so.6:__GI_memcmp) redirected to 0x4c33b90 (__GI_memcmp)
--31671-- REDIR: 0x6101120 (libc.so.6:strcmp) redirected to 0x4a286f0 (_vgnU_ifunc_wrapper)
--31671-- REDIR: 0x61169c0 (libc.so.6:__strcmp_sse2_unaligned) redirected to 0x4c31f90 (strcmp)
vex amd64->IR: unhandled instruction bytes: 0xF 0xC7 0xF0 0x89 0x6 0xF 0x42 0xC1
vex amd64->IR:   REX=0 REX.W=0 REX.R=0 REX.X=0 REX.B=0
vex amd64->IR:   VEX=0 VEX.L=0 VEX.nVVVV=0x0 ESC=0F
vex amd64->IR:   PFX.66=0 PFX.F2=0 PFX.F3=0
==31671== valgrind: Unrecognised instruction at address 0x5b97b15.
==31671==    at 0x5B97B15: ??? (in /usr/lib/x86_64-linux-gnu/libstdc++.so.6.0.21)
==31671==    by 0x5B97CB1: std::random_device::_M_getval() (in /usr/lib/x86_64-linux-gnu/libstdc++.so.6.0.21)
==31671==    by 0x57FAD52: operator() (random.h:1612)
==31671==    by 0x57FAD52: google::protobuf::Map<std::__cxx11::basic_string<char, std::char_traits<char>, std::allocator<char> >, google::protobuf::Value>::InnerMap::Seed() const (map.h:1338)
==31671==    by 0x57FAF78: InnerMap (map.h:727)
==31671==    by 0x57FAF78: Create<google::protobuf::Map<std::__cxx11::basic_string<char>, google::protobuf::Value>::InnerMap, int, google::protobuf::hash<std::__cxx11::basic_string<char> >, google::protobuf::Map<std::__cxx11::basic_string<char>, google::protobuf::Value>::MapAllocator<google::protobuf::Map<std::__cxx11::basic_string<char>, google::protobuf::Value>::KeyValuePair> > (arena.h:355)
==31671==    by 0x57FAF78: Init (map.h:572)
==31671==    by 0x57FAF78: Map (map.h:530)
==31671==    by 0x57FAF78: MapFieldLite (map_field_lite.h:102)
==31671==    by 0x57FAF78: google::protobuf::internal::MapField<std::__cxx11::basic_string<char, std::char_traits<char>, std::allocator<char> >, google::protobuf::Value, (google::protobuf::internal::WireFormatLite::FieldType)9, (google::protobuf::internal::WireFormatLite::FieldType)11, 0>::MapField() (map_field_inl.h:170)
==31671==    by 0x57F4BE8: google::protobuf::Struct::Struct() (struct.pb.cc:213)
==31671==    by 0x57F4C8D: DefaultConstruct (struct.pb.cc:127)
==31671==    by 0x57F4C8D: google::protobuf::protobuf_google_2fprotobuf_2fstruct_2eproto::TableStruct::InitDefaultsImpl() (struct.pb.cc:128)
==31671==    by 0x5762754: Run (callback.h:129)
==31671==    by 0x5762754: google::protobuf::GoogleOnceInitImpl(long*, google::protobuf::Closure*) (once.cc:83)
==31671==    by 0x57F2664: GoogleOnceInit (once.h:128)
==31671==    by 0x57F2664: google::protobuf::protobuf_google_2fprotobuf_2fstruct_2eproto::InitDefaults() (struct.pb.cc:144)
==31671==    by 0x57F26A8: google::protobuf::protobuf_google_2fprotobuf_2fstruct_2eproto::AddDescriptorsImpl() (struct.pb.cc:147)
==31671==    by 0x5762754: Run (callback.h:129)
==31671==    by 0x5762754: google::protobuf::GoogleOnceInitImpl(long*, google::protobuf::Closure*) (once.cc:83)
==31671==    by 0x57F2734: GoogleOnceInit (once.h:128)
==31671==    by 0x57F2734: google::protobuf::protobuf_google_2fprotobuf_2fstruct_2eproto::AddDescriptors() (struct.pb.cc:176)
==31671==    by 0x40104E9: call_init.part.0 (dl-init.c:72)
==31671== Your program just tried to execute an instruction that Valgrind
==31671== did not recognise.  There are two possible reasons for this.
==31671== 1. Your program has a bug and erroneously jumped to a non-code
==31671==    location.  If you are running Memcheck and you just saw a
==31671==    warning about a bad jump, it's probably your program's fault.
==31671== 2. The instruction is legitimate but Valgrind doesn't handle it,
==31671==    i.e. it's Valgrind's fault.  If you think this is the case or
==31671==    you are not sure, please let us know and we'll try to fix it.
==31671== Either way, Valgrind will now raise a SIGILL signal which will
==31671== probably kill your program.
==31671== 
==31671== Process terminating with default action of signal 4 (SIGILL)
==31671==  Illegal opcode at address 0x5B97B15
==31671==    at 0x5B97B15: ??? (in /usr/lib/x86_64-linux-gnu/libstdc++.so.6.0.21)
==31671==    by 0x5B97CB1: std::random_device::_M_getval() (in /usr/lib/x86_64-linux-gnu/libstdc++.so.6.0.21)
==31671==    by 0x57FAD52: operator() (random.h:1612)
==31671==    by 0x57FAD52: google::protobuf::Map<std::__cxx11::basic_string<char, std::char_traits<char>, std::allocator<char> >, google::protobuf::Value>::InnerMap::Seed() const (map.h:1338)
==31671==    by 0x57FAF78: InnerMap (map.h:727)
==31671==    by 0x57FAF78: Create<google::protobuf::Map<std::__cxx11::basic_string<char>, google::protobuf::Value>::InnerMap, int, google::protobuf::hash<std::__cxx11::basic_string<char> >, google::protobuf::Map<std::__cxx11::basic_string<char>, google::protobuf::Value>::MapAllocator<google::protobuf::Map<std::__cxx11::basic_string<char>, google::protobuf::Value>::KeyValuePair> > (arena.h:355)
==31671==    by 0x57FAF78: Init (map.h:572)
==31671==    by 0x57FAF78: Map (map.h:530)
==31671==    by 0x57FAF78: MapFieldLite (map_field_lite.h:102)
==31671==    by 0x57FAF78: google::protobuf::internal::MapField<std::__cxx11::basic_string<char, std::char_traits<char>, std::allocator<char> >, google::protobuf::Value, (google::protobuf::internal::WireFormatLite::FieldType)9, (google::protobuf::internal::WireFormatLite::FieldType)11, 0>::MapField() (map_field_inl.h:170)
==31671==    by 0x57F4BE8: google::protobuf::Struct::Struct() (struct.pb.cc:213)
==31671==    by 0x57F4C8D: DefaultConstruct (struct.pb.cc:127)
==31671==    by 0x57F4C8D: google::protobuf::protobuf_google_2fprotobuf_2fstruct_2eproto::TableStruct::InitDefaultsImpl() (struct.pb.cc:128)
==31671==    by 0x5762754: Run (callback.h:129)
==31671==    by 0x5762754: google::protobuf::GoogleOnceInitImpl(long*, google::protobuf::Closure*) (once.cc:83)
==31671==    by 0x57F2664: GoogleOnceInit (once.h:128)
==31671==    by 0x57F2664: google::protobuf::protobuf_google_2fprotobuf_2fstruct_2eproto::InitDefaults() (struct.pb.cc:144)
==31671==    by 0x57F26A8: google::protobuf::protobuf_google_2fprotobuf_2fstruct_2eproto::AddDescriptorsImpl() (struct.pb.cc:147)
==31671==    by 0x5762754: Run (callback.h:129)
==31671==    by 0x5762754: google::protobuf::GoogleOnceInitImpl(long*, google::protobuf::Closure*) (once.cc:83)
==31671==    by 0x57F2734: GoogleOnceInit (once.h:128)
==31671==    by 0x57F2734: google::protobuf::protobuf_google_2fprotobuf_2fstruct_2eproto::AddDescriptors() (struct.pb.cc:176)
==31671==    by 0x40104E9: call_init.part.0 (dl-init.c:72)
--31671-- REDIR: 0x60fb940 (libc.so.6:free) redirected to 0x4c2ed80 (free)
==31671== 
==31671== HEAP SUMMARY:
==31671==     in use at exit: 79,051 bytes in 111 blocks
==31671==   total heap usage: 1,201 allocs, 1,090 frees, 136,144 bytes allocated
==31671== 
==31671== Searching for pointers to 111 not-freed blocks
==31671== Checked 213,648 bytes
==31671== 
==31671== LEAK SUMMARY:
==31671==    definitely lost: 0 bytes in 0 blocks
==31671==    indirectly lost: 0 bytes in 0 blocks
==31671==      possibly lost: 0 bytes in 0 blocks
==31671==    still reachable: 79,051 bytes in 111 blocks
==31671==         suppressed: 0 bytes in 0 blocks
==31671== Reachable blocks (those to which a pointer was found) are not shown.
==31671== To see them, rerun with: --leak-check=full --show-leak-kinds=all
==31671== 
==31671== ERROR SUMMARY: 0 errors from 0 contexts (suppressed: 0 from 0)
==31671== ERROR SUMMARY: 0 errors from 0 contexts (suppressed: 0 from 0)
